<?xml version="1.0" encoding="UTF-8"?>
<!-- Generated by org.testng.reporters.JUnitReportReporter -->
<testsuite hostname="DESKTOP-N6TDSTB" failures="0" tests="1" name="PageObjects.DBConnection" time="0.423" errors="0" timestamp="2023-09-20T21:06:13 SGT" skipped="0">
  <testcase classname="PageObjects.DBConnection" name="checkDBAllRecords" time="0.423"/>
  <system-out/>
</testsuite> <!-- PageObjects.DBConnection -->
