<?xml version="1.0" encoding="UTF-8"?>
<!-- Generated by org.testng.reporters.JUnitReportReporter -->
<testsuite hostname="DESKTOP-N6TDSTB" failures="0" tests="10" name="TestCases.UserStory4" time="0.546" errors="0" timestamp="2023-09-20T21:15:58 SGT" skipped="0">
  <testcase classname="TestCases.UserStory4" name="TestUS4AC1" time="0.050"/>
  <system-out/>
  <testcase classname="TestCases.UserStory4" name="TestUS4AC1" time="0.055"/>
  <system-out/>
  <testcase classname="TestCases.UserStory4" name="TestUS4AC2" time="0.066"/>
  <system-out/>
  <testcase classname="TestCases.UserStory4" name="TestUS4AC2" time="0.058"/>
  <system-out/>
  <testcase classname="TestCases.UserStory4" name="TestUS4AC2" time="0.067"/>
  <system-out/>
  <testcase classname="TestCases.UserStory4" name="TestUS4AC2" time="0.048"/>
  <system-out/>
  <testcase classname="TestCases.UserStory4" name="TestUS4AC2" time="0.042"/>
  <system-out/>
  <testcase classname="TestCases.UserStory4" name="TestUS4AC2" time="0.043"/>
  <system-out/>
  <testcase classname="TestCases.UserStory4" name="TestUS4AC2" time="0.043"/>
  <system-out/>
  <testcase classname="TestCases.UserStory4" name="TestUS4AC1" time="0.074"/>
  <system-out/>
</testsuite> <!-- TestCases.UserStory4 -->
