<?xml version="1.0" encoding="UTF-8"?>
<!-- Generated by org.testng.reporters.JUnitReportReporter -->
<testsuite hostname="DESKTOP-N6TDSTB" failures="0" tests="2" name="TestCases.UserStory2" time="3.090" errors="0" timestamp="2023-09-20T21:15:58 SGT" skipped="0">
  <testcase classname="TestCases.UserStory2" name="testAC1AndAC2" time="1.557"/>
  <system-out/>
  <testcase classname="TestCases.UserStory2" name="testAC4" time="1.533"/>
  <system-out/>
</testsuite> <!-- TestCases.UserStory2 -->
