<?xml version="1.0" encoding="UTF-8"?>
<!-- Generated by org.testng.reporters.JUnitReportReporter -->
<testsuite hostname="DESKTOP-N6TDSTB" failures="0" tests="1" name="TestCases.UserStory3" time="0.520" errors="0" timestamp="2023-09-20T21:15:58 SGT" skipped="0">
  <testcase classname="TestCases.UserStory3" name="testAC1AndAC2" time="0.520"/>
  <system-out/>
</testsuite> <!-- TestCases.UserStory3 -->
