<?xml version="1.0" encoding="UTF-8"?>
<!-- Generated by org.testng.reporters.JUnitReportReporter -->
<testsuite hostname="DESKTOP-N6TDSTB" failures="0" tests="10" name="TestCases.UserStory1" time="2.278" errors="0" timestamp="2023-09-20T21:15:58 SGT" skipped="0">
  <testcase classname="TestCases.UserStory1" name="TestUS1AC2" time="0.058"/>
  <system-out/>
  <testcase classname="TestCases.UserStory1" name="TestUS1AC1" time="0.047"/>
  <system-out/>
  <testcase classname="TestCases.UserStory1" name="TestUS1AC2" time="0.038"/>
  <system-out/>
  <testcase classname="TestCases.UserStory1" name="TestUS1AC2" time="0.048"/>
  <system-out/>
  <testcase classname="TestCases.UserStory1" name="TestUS1AC2" time="0.060"/>
  <system-out/>
  <testcase classname="TestCases.UserStory1" name="TestUS1AC2" time="0.037"/>
  <system-out/>
  <testcase classname="TestCases.UserStory1" name="TestUS1AC1" time="0.046"/>
  <system-out/>
  <testcase classname="TestCases.UserStory1" name="TestUS1AC2" time="0.037"/>
  <system-out/>
  <testcase classname="TestCases.UserStory1" name="TestUS1AC2" time="0.575"/>
  <system-out/>
  <testcase classname="TestCases.UserStory1" name="TestUS1AC1" time="1.332"/>
  <system-out/>
</testsuite> <!-- TestCases.UserStory1 -->
