<?xml version="1.0" encoding="UTF-8"?>
<!-- Generated by org.testng.reporters.JUnitReportReporter -->
<testsuite hostname="DESKTOP-N6TDSTB" failures="0" tests="1" name="TestCases.UserStory6" time="0.016" errors="0" timestamp="2023-09-20T21:15:58 SGT" skipped="0">
  <testcase classname="TestCases.UserStory6" name="TestUS6AC1" time="0.016"/>
  <system-out/>
</testsuite> <!-- TestCases.UserStory6 -->
